Netlist file: gcd_32withdsp_fdr.net   Architecture file: fdr_ibm.arch
Array size: 11 x 11 logic blocks

#block name	x	y	subblk	block number
#----------	--	--	------	------------
stage: 1
clk		9	0	6	#0
Block_0		10	7	0	#1
Block_1		10	6	0	#2
Block_2		8	7	0	#3
Block_3		2	5	0	#4
Block_4		11	5	0	#5
Block_5		9	10	0	#6
Block_6		8	10	0	#7
Block_7		1	6	0	#8
Block_8		9	8	0	#9
Block_9		9	4	0	#10
Block_10	2	9	0	#11
Block_11	8	9	0	#12
Block_12	2	8	0	#13
Block_13	1	4	0	#14
Block_14	1	9	0	#15
Block_15	9	5	0	#16
Block_16	2	11	0	#17
Block_17	4	11	0	#18
Block_18	2	10	0	#19
Block_19	1	7	0	#20
Block_20	2	2	0	#21
Block_21	8	4	0	#22
Block_22	2	4	0	#23
Block_23	2	6	0	#24
Block_24	7	11	0	#25
Block_25	9	7	0	#26
Block_26	1	8	0	#27
Block_27	11	6	0	#28
Block_28	10	9	0	#29
Block_29	8	6	0	#30
Block_30	8	5	0	#31
Block_31	1	2	0	#32
Block_32	1	3	0	#33
Block_33	8	3	0	#34
Block_34	10	8	0	#35
Block_35	9	1	0	#36
Block_36	10	2	0	#37
Block_37	10	1	0	#38
Block_38	9	3	0	#39
Block_39	10	11	0	#40
Block_40	10	5	0	#41
Block_41	9	11	0	#42
Block_42	10	10	0	#43
Block_43	1	10	0	#44
Block_44	3	11	0	#45
Block_45	6	11	0	#46
Block_46	5	11	0	#47
Block_47	1	5	0	#48
Block_48	8	8	0	#49
Block_49	2	7	0	#50
Block_50	8	1	0	#51
Block_51	2	1	0	#52
Block_52	8	11	0	#53
Block_53	11	8	0	#54
Block_54	9	2	0	#55
Block_55	9	6	0	#56
Block_56	11	7	0	#57
Block_57	11	9	0	#58
Block_58	9	9	0	#59
Block_59	10	3	0	#60
Block_60	8	2	0	#61
Block_61	2	3	0	#62
Block_62	10	4	0	#63
Block_63	11	4	0	#64
stage: 2
clk		9	0	6	#65
Block_34	10	8	0	#66
Block_47	1	5	0	#67
Block_0		10	7	0	#68
Block_1		10	6	0	#69
Block_2		8	7	0	#70
Block_3		2	5	0	#71
Block_4		11	5	0	#72
Block_5		9	10	0	#73
Block_6		8	10	0	#74
Block_7		1	6	0	#75
Block_8		9	8	0	#76
Block_9		9	4	0	#77
Block_10	2	9	0	#78
Block_11	8	9	0	#79
Block_12	2	8	0	#80
Block_13	1	4	0	#81
Block_14	1	9	0	#82
Block_15	9	5	0	#83
Block_16	2	11	0	#84
Block_17	4	11	0	#85
Block_18	2	10	0	#86
Block_19	1	7	0	#87
Block_20	2	2	0	#88
Block_21	8	4	0	#89
Block_22	2	4	0	#90
Block_23	2	6	0	#91
Block_24	7	11	0	#92
Block_25	9	7	0	#93
Block_26	1	8	0	#94
Block_27	11	6	0	#95
Block_28	10	9	0	#96
Block_29	8	6	0	#97
Block_30	8	5	0	#98
Block_31	1	2	0	#99
Block_32	1	3	0	#100
Block_33	8	3	0	#101
Block_35	9	1	0	#102
Block_36	10	2	0	#103
Block_37	10	1	0	#104
Block_38	9	3	0	#105
Block_39	10	11	0	#106
Block_40	10	5	0	#107
Block_41	9	11	0	#108
Block_42	10	10	0	#109
Block_43	1	10	0	#110
Block_44	3	11	0	#111
Block_45	6	11	0	#112
Block_46	5	11	0	#113
Block_48	8	8	0	#114
Block_49	2	7	0	#115
Block_50	8	1	0	#116
Block_51	2	1	0	#117
Block_52	8	11	0	#118
Block_53	11	8	0	#119
Block_54	9	2	0	#120
Block_55	9	6	0	#121
Block_56	11	7	0	#122
Block_57	11	9	0	#123
Block_58	9	9	0	#124
Block_59	10	3	0	#125
Block_60	8	2	0	#126
Block_61	2	3	0	#127
Block_62	10	4	0	#128
Block_63	11	4	0	#129
stage: 3
clk		9	0	6	#130
Block_35	9	1	0	#131
Block_51	2	1	0	#132
Block_0		10	7	0	#133
Block_1		10	6	0	#134
Block_2		8	7	0	#135
Block_3		2	5	0	#136
Block_4		11	5	0	#137
Block_5		9	10	0	#138
Block_6		8	10	0	#139
Block_7		1	6	0	#140
Block_8		9	8	0	#141
Block_9		9	4	0	#142
Block_10	2	9	0	#143
Block_11	8	9	0	#144
Block_12	2	8	0	#145
Block_13	1	4	0	#146
Block_14	1	9	0	#147
Block_15	9	5	0	#148
Block_16	2	11	0	#149
Block_17	4	11	0	#150
Block_18	2	10	0	#151
Block_19	1	7	0	#152
Block_20	2	2	0	#153
Block_21	8	4	0	#154
Block_22	2	4	0	#155
Block_23	2	6	0	#156
Block_24	7	11	0	#157
Block_25	9	7	0	#158
Block_26	1	8	0	#159
Block_27	11	6	0	#160
Block_28	10	9	0	#161
Block_29	8	6	0	#162
Block_30	8	5	0	#163
Block_31	1	2	0	#164
Block_32	1	3	0	#165
Block_33	8	3	0	#166
Block_34	10	8	0	#167
Block_36	10	2	0	#168
Block_37	10	1	0	#169
Block_38	9	3	0	#170
Block_39	10	11	0	#171
Block_40	10	5	0	#172
Block_41	9	11	0	#173
Block_42	10	10	0	#174
Block_43	1	10	0	#175
Block_44	3	11	0	#176
Block_45	6	11	0	#177
Block_46	5	11	0	#178
Block_47	1	5	0	#179
Block_48	8	8	0	#180
Block_49	2	7	0	#181
Block_50	8	1	0	#182
Block_52	8	11	0	#183
Block_53	11	8	0	#184
Block_54	9	2	0	#185
Block_55	9	6	0	#186
Block_56	11	7	0	#187
Block_57	11	9	0	#188
Block_58	9	9	0	#189
Block_59	10	3	0	#190
Block_60	8	2	0	#191
Block_61	2	3	0	#192
Block_62	10	4	0	#193
Block_63	11	4	0	#194
DSP_Block_0	3	6	0	#195
stage: 4
clk		9	0	6	#196
Block_36	10	2	0	#197
Block_59	10	3	0	#198
Block_0		10	7	0	#199
Block_1		10	6	0	#200
Block_2		8	7	0	#201
Block_3		2	5	0	#202
Block_4		11	5	0	#203
Block_5		9	10	0	#204
Block_6		8	10	0	#205
Block_7		1	6	0	#206
Block_8		9	8	0	#207
Block_9		9	4	0	#208
Block_10	2	9	0	#209
Block_11	8	9	0	#210
Block_12	2	8	0	#211
Block_13	1	4	0	#212
Block_14	1	9	0	#213
Block_15	9	5	0	#214
Block_16	2	11	0	#215
Block_17	4	11	0	#216
Block_18	2	10	0	#217
Block_19	1	7	0	#218
Block_20	2	2	0	#219
Block_21	8	4	0	#220
Block_22	2	4	0	#221
Block_23	2	6	0	#222
Block_24	7	11	0	#223
Block_25	9	7	0	#224
Block_26	1	8	0	#225
Block_27	11	6	0	#226
Block_28	10	9	0	#227
Block_29	8	6	0	#228
Block_30	8	5	0	#229
Block_31	1	2	0	#230
Block_32	1	3	0	#231
Block_33	8	3	0	#232
Block_34	10	8	0	#233
Block_35	9	1	0	#234
Block_37	10	1	0	#235
Block_38	9	3	0	#236
Block_39	10	11	0	#237
Block_40	10	5	0	#238
Block_41	9	11	0	#239
Block_42	10	10	0	#240
Block_43	1	10	0	#241
Block_44	3	11	0	#242
Block_45	6	11	0	#243
Block_46	5	11	0	#244
Block_48	8	8	0	#245
Block_49	2	7	0	#246
Block_50	8	1	0	#247
Block_51	2	1	0	#248
Block_52	8	11	0	#249
Block_53	11	8	0	#250
Block_54	9	2	0	#251
Block_55	9	6	0	#252
Block_56	11	7	0	#253
Block_57	11	9	0	#254
Block_58	9	9	0	#255
Block_60	8	2	0	#256
Block_61	2	3	0	#257
Block_62	10	4	0	#258
Block_63	11	4	0	#259
DSP_Block_0	3	6	0	#260
stage: 5
clk		9	0	6	#261
Block_4		11	5	0	#262
Block_63	11	4	0	#263
Block_0		10	7	0	#264
Block_1		10	6	0	#265
Block_2		8	7	0	#266
Block_3		2	5	0	#267
Block_5		9	10	0	#268
Block_6		8	10	0	#269
Block_7		1	6	0	#270
Block_8		9	8	0	#271
Block_9		9	4	0	#272
Block_10	2	9	0	#273
Block_11	8	9	0	#274
Block_12	2	8	0	#275
Block_13	1	4	0	#276
Block_14	1	9	0	#277
Block_15	9	5	0	#278
Block_16	2	11	0	#279
Block_17	4	11	0	#280
Block_18	2	10	0	#281
Block_19	1	7	0	#282
Block_20	2	2	0	#283
Block_21	8	4	0	#284
Block_22	2	4	0	#285
Block_23	2	6	0	#286
Block_24	7	11	0	#287
Block_25	9	7	0	#288
Block_26	1	8	0	#289
Block_27	11	6	0	#290
Block_28	10	9	0	#291
Block_29	8	6	0	#292
Block_30	8	5	0	#293
Block_31	1	2	0	#294
Block_32	1	3	0	#295
Block_33	8	3	0	#296
Block_34	10	8	0	#297
Block_35	9	1	0	#298
Block_36	10	2	0	#299
Block_37	10	1	0	#300
Block_38	9	3	0	#301
Block_39	10	11	0	#302
Block_40	10	5	0	#303
Block_41	9	11	0	#304
Block_42	10	10	0	#305
Block_43	1	10	0	#306
Block_44	3	11	0	#307
Block_45	6	11	0	#308
Block_46	5	11	0	#309
Block_48	8	8	0	#310
Block_49	2	7	0	#311
Block_50	8	1	0	#312
Block_52	8	11	0	#313
Block_53	11	8	0	#314
Block_54	9	2	0	#315
Block_55	9	6	0	#316
Block_56	11	7	0	#317
Block_57	11	9	0	#318
Block_58	9	9	0	#319
Block_59	10	3	0	#320
Block_60	8	2	0	#321
Block_61	2	3	0	#322
Block_62	10	4	0	#323
DSP_Block_0	3	6	0	#324
stage: 6
clk		9	0	6	#325
Block_37	10	1	0	#326
Block_9		9	4	0	#327
Block_0		10	7	0	#328
Block_1		10	6	0	#329
Block_2		8	7	0	#330
Block_3		2	5	0	#331
Block_4		11	5	0	#332
Block_5		9	10	0	#333
Block_6		8	10	0	#334
Block_7		1	6	0	#335
Block_8		9	8	0	#336
Block_10	2	9	0	#337
Block_11	8	9	0	#338
Block_12	2	8	0	#339
Block_13	1	4	0	#340
Block_14	1	9	0	#341
Block_15	9	5	0	#342
Block_16	2	11	0	#343
Block_17	4	11	0	#344
Block_18	2	10	0	#345
Block_19	1	7	0	#346
Block_20	2	2	0	#347
Block_21	8	4	0	#348
Block_22	2	4	0	#349
Block_23	2	6	0	#350
Block_24	7	11	0	#351
Block_25	9	7	0	#352
Block_26	1	8	0	#353
Block_27	11	6	0	#354
Block_28	10	9	0	#355
Block_29	8	6	0	#356
Block_30	8	5	0	#357
Block_31	1	2	0	#358
Block_32	1	3	0	#359
Block_33	8	3	0	#360
Block_38	9	3	0	#361
Block_39	10	11	0	#362
Block_40	10	5	0	#363
Block_41	9	11	0	#364
Block_42	10	10	0	#365
Block_43	1	10	0	#366
Block_44	3	11	0	#367
Block_45	6	11	0	#368
Block_46	5	11	0	#369
Block_48	8	8	0	#370
Block_49	2	7	0	#371
Block_50	8	1	0	#372
Block_52	8	11	0	#373
Block_53	11	8	0	#374
Block_54	9	2	0	#375
Block_55	9	6	0	#376
Block_56	11	7	0	#377
Block_57	11	9	0	#378
Block_58	9	9	0	#379
Block_60	8	2	0	#380
Block_61	2	3	0	#381
Block_62	10	4	0	#382
Block_63	11	4	0	#383
DSP_Block_0	3	6	0	#384
stage: 7
clk		9	0	6	#385
Block_38	9	3	0	#386
Block_33	8	3	0	#387
Block_0		10	7	0	#388
Block_1		10	6	0	#389
Block_2		8	7	0	#390
Block_3		2	5	0	#391
Block_4		11	5	0	#392
Block_5		9	10	0	#393
Block_6		8	10	0	#394
Block_7		1	6	0	#395
Block_8		9	8	0	#396
Block_9		9	4	0	#397
Block_10	2	9	0	#398
Block_11	8	9	0	#399
Block_12	2	8	0	#400
Block_13	1	4	0	#401
Block_14	1	9	0	#402
Block_15	9	5	0	#403
Block_16	2	11	0	#404
Block_17	4	11	0	#405
Block_18	2	10	0	#406
Block_19	1	7	0	#407
Block_20	2	2	0	#408
Block_21	8	4	0	#409
Block_22	2	4	0	#410
Block_23	2	6	0	#411
Block_24	7	11	0	#412
Block_25	9	7	0	#413
Block_26	1	8	0	#414
Block_27	11	6	0	#415
Block_28	10	9	0	#416
Block_29	8	6	0	#417
Block_30	8	5	0	#418
Block_31	1	2	0	#419
Block_32	1	3	0	#420
Block_37	10	1	0	#421
Block_39	10	11	0	#422
Block_40	10	5	0	#423
Block_41	9	11	0	#424
Block_42	10	10	0	#425
Block_43	1	10	0	#426
Block_44	3	11	0	#427
Block_45	6	11	0	#428
Block_46	5	11	0	#429
Block_48	8	8	0	#430
Block_49	2	7	0	#431
Block_50	8	1	0	#432
Block_52	8	11	0	#433
Block_53	11	8	0	#434
Block_54	9	2	0	#435
Block_55	9	6	0	#436
Block_56	11	7	0	#437
Block_57	11	9	0	#438
Block_58	9	9	0	#439
Block_60	8	2	0	#440
Block_61	2	3	0	#441
Block_62	10	4	0	#442
DSP_Block_0	3	6	0	#443
stage: 8
clk		9	0	6	#444
Block_39	10	11	0	#445
Block_10	2	9	0	#446
Block_0		10	7	0	#447
Block_1		10	6	0	#448
Block_2		8	7	0	#449
Block_3		2	5	0	#450
Block_4		11	5	0	#451
Block_5		9	10	0	#452
Block_6		8	10	0	#453
Block_7		1	6	0	#454
Block_8		9	8	0	#455
Block_11	8	9	0	#456
Block_12	2	8	0	#457
Block_13	1	4	0	#458
Block_14	1	9	0	#459
Block_15	9	5	0	#460
Block_16	2	11	0	#461
Block_17	4	11	0	#462
Block_18	2	10	0	#463
Block_19	1	7	0	#464
Block_20	2	2	0	#465
Block_21	8	4	0	#466
Block_22	2	4	0	#467
Block_23	2	6	0	#468
Block_24	7	11	0	#469
Block_25	9	7	0	#470
Block_26	1	8	0	#471
Block_27	11	6	0	#472
Block_28	10	9	0	#473
Block_29	8	6	0	#474
Block_30	8	5	0	#475
Block_31	1	2	0	#476
Block_32	1	3	0	#477
Block_33	8	3	0	#478
Block_37	10	1	0	#479
Block_38	9	3	0	#480
Block_40	10	5	0	#481
Block_41	9	11	0	#482
Block_42	10	10	0	#483
Block_43	1	10	0	#484
Block_44	3	11	0	#485
Block_45	6	11	0	#486
Block_46	5	11	0	#487
Block_48	8	8	0	#488
Block_49	2	7	0	#489
Block_50	8	1	0	#490
Block_52	8	11	0	#491
Block_53	11	8	0	#492
Block_54	9	2	0	#493
Block_55	9	6	0	#494
Block_56	11	7	0	#495
Block_57	11	9	0	#496
Block_58	9	9	0	#497
Block_60	8	2	0	#498
Block_61	2	3	0	#499
Block_62	10	4	0	#500
DSP_Block_0	3	6	0	#501
stage: 9
clk		9	0	6	#502
Block_5		9	10	0	#503
Block_11	8	9	0	#504
Block_4		11	5	0	#505
Block_0		10	7	0	#506
Block_1		10	6	0	#507
Block_2		8	7	0	#508
Block_3		2	5	0	#509
Block_6		8	10	0	#510
Block_7		1	6	0	#511
Block_8		9	8	0	#512
Block_10	2	9	0	#513
Block_12	2	8	0	#514
Block_13	1	4	0	#515
Block_14	1	9	0	#516
Block_15	9	5	0	#517
Block_16	2	11	0	#518
Block_17	4	11	0	#519
Block_18	2	10	0	#520
Block_19	1	7	0	#521
Block_20	2	2	0	#522
Block_21	8	4	0	#523
Block_22	2	4	0	#524
Block_23	2	6	0	#525
Block_24	7	11	0	#526
Block_25	9	7	0	#527
Block_26	1	8	0	#528
Block_27	11	6	0	#529
Block_28	10	9	0	#530
Block_29	8	6	0	#531
Block_30	8	5	0	#532
Block_31	1	2	0	#533
Block_32	1	3	0	#534
Block_37	10	1	0	#535
Block_38	9	3	0	#536
Block_39	10	11	0	#537
Block_40	10	5	0	#538
Block_41	9	11	0	#539
Block_42	10	10	0	#540
Block_43	1	10	0	#541
Block_44	3	11	0	#542
Block_45	6	11	0	#543
Block_46	5	11	0	#544
Block_48	8	8	0	#545
Block_49	2	7	0	#546
Block_50	8	1	0	#547
Block_52	8	11	0	#548
Block_53	11	8	0	#549
Block_54	9	2	0	#550
Block_55	9	6	0	#551
Block_56	11	7	0	#552
Block_57	11	9	0	#553
Block_58	9	9	0	#554
Block_60	8	2	0	#555
Block_61	2	3	0	#556
Block_62	10	4	0	#557
DSP_Block_0	3	6	0	#558
stage: 10
clk		9	0	6	#559
Block_41	9	11	0	#560
Block_12	2	8	0	#561
Block_0		10	7	0	#562
Block_1		10	6	0	#563
Block_2		8	7	0	#564
Block_3		2	5	0	#565
Block_4		11	5	0	#566
Block_5		9	10	0	#567
Block_6		8	10	0	#568
Block_7		1	6	0	#569
Block_8		9	8	0	#570
Block_11	8	9	0	#571
Block_13	1	4	0	#572
Block_14	1	9	0	#573
Block_15	9	5	0	#574
Block_16	2	11	0	#575
Block_17	4	11	0	#576
Block_18	2	10	0	#577
Block_19	1	7	0	#578
Block_20	2	2	0	#579
Block_21	8	4	0	#580
Block_22	2	4	0	#581
Block_23	2	6	0	#582
Block_24	7	11	0	#583
Block_25	9	7	0	#584
Block_26	1	8	0	#585
Block_27	11	6	0	#586
Block_28	10	9	0	#587
Block_29	8	6	0	#588
Block_30	8	5	0	#589
Block_31	1	2	0	#590
Block_32	1	3	0	#591
Block_40	10	5	0	#592
Block_42	10	10	0	#593
Block_43	1	10	0	#594
Block_44	3	11	0	#595
Block_45	6	11	0	#596
Block_46	5	11	0	#597
Block_48	8	8	0	#598
Block_49	2	7	0	#599
Block_50	8	1	0	#600
Block_52	8	11	0	#601
Block_53	11	8	0	#602
Block_54	9	2	0	#603
Block_55	9	6	0	#604
Block_56	11	7	0	#605
Block_57	11	9	0	#606
Block_58	9	9	0	#607
Block_60	8	2	0	#608
Block_61	2	3	0	#609
Block_62	10	4	0	#610
DSP_Block_0	3	6	0	#611
stage: 11
clk		9	0	6	#612
Block_42	10	10	0	#613
Block_13	1	4	0	#614
Block_0		10	7	0	#615
Block_1		10	6	0	#616
Block_2		8	7	0	#617
Block_3		2	5	0	#618
Block_4		11	5	0	#619
Block_5		9	10	0	#620
Block_6		8	10	0	#621
Block_7		1	6	0	#622
Block_8		9	8	0	#623
Block_12	2	8	0	#624
Block_14	1	9	0	#625
Block_15	9	5	0	#626
Block_16	2	11	0	#627
Block_17	4	11	0	#628
Block_18	2	10	0	#629
Block_19	1	7	0	#630
Block_20	2	2	0	#631
Block_21	8	4	0	#632
Block_22	2	4	0	#633
Block_23	2	6	0	#634
Block_24	7	11	0	#635
Block_25	9	7	0	#636
Block_26	1	8	0	#637
Block_27	11	6	0	#638
Block_28	10	9	0	#639
Block_29	8	6	0	#640
Block_30	8	5	0	#641
Block_31	1	2	0	#642
Block_32	1	3	0	#643
Block_40	10	5	0	#644
Block_41	9	11	0	#645
Block_43	1	10	0	#646
Block_44	3	11	0	#647
Block_45	6	11	0	#648
Block_46	5	11	0	#649
Block_48	8	8	0	#650
Block_49	2	7	0	#651
Block_50	8	1	0	#652
Block_52	8	11	0	#653
Block_53	11	8	0	#654
Block_54	9	2	0	#655
Block_55	9	6	0	#656
Block_56	11	7	0	#657
Block_57	11	9	0	#658
Block_58	9	9	0	#659
Block_60	8	2	0	#660
Block_61	2	3	0	#661
Block_62	10	4	0	#662
DSP_Block_0	3	6	0	#663
stage: 12
clk		9	0	6	#664
Block_43	1	10	0	#665
Block_14	1	9	0	#666
Block_0		10	7	0	#667
Block_1		10	6	0	#668
Block_2		8	7	0	#669
Block_3		2	5	0	#670
Block_4		11	5	0	#671
Block_5		9	10	0	#672
Block_6		8	10	0	#673
Block_7		1	6	0	#674
Block_8		9	8	0	#675
Block_13	1	4	0	#676
Block_15	9	5	0	#677
Block_16	2	11	0	#678
Block_17	4	11	0	#679
Block_18	2	10	0	#680
Block_19	1	7	0	#681
Block_20	2	2	0	#682
Block_21	8	4	0	#683
Block_22	2	4	0	#684
Block_23	2	6	0	#685
Block_24	7	11	0	#686
Block_25	9	7	0	#687
Block_26	1	8	0	#688
Block_27	11	6	0	#689
Block_28	10	9	0	#690
Block_29	8	6	0	#691
Block_30	8	5	0	#692
Block_31	1	2	0	#693
Block_32	1	3	0	#694
Block_40	10	5	0	#695
Block_41	9	11	0	#696
Block_42	10	10	0	#697
Block_44	3	11	0	#698
Block_45	6	11	0	#699
Block_46	5	11	0	#700
Block_48	8	8	0	#701
Block_49	2	7	0	#702
Block_50	8	1	0	#703
Block_52	8	11	0	#704
Block_53	11	8	0	#705
Block_54	9	2	0	#706
Block_55	9	6	0	#707
Block_56	11	7	0	#708
Block_57	11	9	0	#709
Block_58	9	9	0	#710
Block_60	8	2	0	#711
Block_61	2	3	0	#712
Block_62	10	4	0	#713
DSP_Block_0	3	6	0	#714
stage: 13
clk		9	0	6	#715
Block_3		2	5	0	#716
Block_15	9	5	0	#717
Block_5		9	10	0	#718
Block_0		10	7	0	#719
Block_1		10	6	0	#720
Block_2		8	7	0	#721
Block_4		11	5	0	#722
Block_6		8	10	0	#723
Block_7		1	6	0	#724
Block_8		9	8	0	#725
Block_14	1	9	0	#726
Block_16	2	11	0	#727
Block_17	4	11	0	#728
Block_18	2	10	0	#729
Block_19	1	7	0	#730
Block_20	2	2	0	#731
Block_21	8	4	0	#732
Block_22	2	4	0	#733
Block_23	2	6	0	#734
Block_24	7	11	0	#735
Block_25	9	7	0	#736
Block_26	1	8	0	#737
Block_27	11	6	0	#738
Block_28	10	9	0	#739
Block_29	8	6	0	#740
Block_30	8	5	0	#741
Block_31	1	2	0	#742
Block_32	1	3	0	#743
Block_40	10	5	0	#744
Block_41	9	11	0	#745
Block_42	10	10	0	#746
Block_43	1	10	0	#747
Block_44	3	11	0	#748
Block_45	6	11	0	#749
Block_46	5	11	0	#750
Block_48	8	8	0	#751
Block_49	2	7	0	#752
Block_50	8	1	0	#753
Block_52	8	11	0	#754
Block_53	11	8	0	#755
Block_54	9	2	0	#756
Block_55	9	6	0	#757
Block_56	11	7	0	#758
Block_57	11	9	0	#759
Block_58	9	9	0	#760
Block_60	8	2	0	#761
Block_61	2	3	0	#762
Block_62	10	4	0	#763
DSP_Block_0	3	6	0	#764
stage: 14
clk		9	0	6	#765
Block_44	3	11	0	#766
Block_16	2	11	0	#767
Block_0		10	7	0	#768
Block_1		10	6	0	#769
Block_2		8	7	0	#770
Block_3		2	5	0	#771
Block_4		11	5	0	#772
Block_5		9	10	0	#773
Block_6		8	10	0	#774
Block_7		1	6	0	#775
Block_8		9	8	0	#776
Block_15	9	5	0	#777
Block_17	4	11	0	#778
Block_18	2	10	0	#779
Block_19	1	7	0	#780
Block_20	2	2	0	#781
Block_21	8	4	0	#782
Block_22	2	4	0	#783
Block_23	2	6	0	#784
Block_24	7	11	0	#785
Block_25	9	7	0	#786
Block_26	1	8	0	#787
Block_27	11	6	0	#788
Block_28	10	9	0	#789
Block_29	8	6	0	#790
Block_30	8	5	0	#791
Block_31	1	2	0	#792
Block_32	1	3	0	#793
Block_40	10	5	0	#794
Block_45	6	11	0	#795
Block_46	5	11	0	#796
Block_48	8	8	0	#797
Block_49	2	7	0	#798
Block_50	8	1	0	#799
Block_52	8	11	0	#800
Block_53	11	8	0	#801
Block_54	9	2	0	#802
Block_55	9	6	0	#803
Block_56	11	7	0	#804
Block_57	11	9	0	#805
Block_58	9	9	0	#806
Block_60	8	2	0	#807
Block_61	2	3	0	#808
Block_62	10	4	0	#809
DSP_Block_0	3	6	0	#810
stage: 15
clk		9	0	6	#811
Block_45	6	11	0	#812
Block_17	4	11	0	#813
Block_0		10	7	0	#814
Block_1		10	6	0	#815
Block_2		8	7	0	#816
Block_3		2	5	0	#817
Block_4		11	5	0	#818
Block_5		9	10	0	#819
Block_6		8	10	0	#820
Block_7		1	6	0	#821
Block_8		9	8	0	#822
Block_16	2	11	0	#823
Block_18	2	10	0	#824
Block_19	1	7	0	#825
Block_20	2	2	0	#826
Block_21	8	4	0	#827
Block_22	2	4	0	#828
Block_23	2	6	0	#829
Block_24	7	11	0	#830
Block_25	9	7	0	#831
Block_26	1	8	0	#832
Block_27	11	6	0	#833
Block_28	10	9	0	#834
Block_29	8	6	0	#835
Block_30	8	5	0	#836
Block_31	1	2	0	#837
Block_32	1	3	0	#838
Block_40	10	5	0	#839
Block_44	3	11	0	#840
Block_46	5	11	0	#841
Block_48	8	8	0	#842
Block_49	2	7	0	#843
Block_50	8	1	0	#844
Block_52	8	11	0	#845
Block_53	11	8	0	#846
Block_54	9	2	0	#847
Block_55	9	6	0	#848
Block_56	11	7	0	#849
Block_57	11	9	0	#850
Block_58	9	9	0	#851
Block_60	8	2	0	#852
Block_61	2	3	0	#853
Block_62	10	4	0	#854
DSP_Block_0	3	6	0	#855
stage: 16
clk		9	0	6	#856
Block_46	5	11	0	#857
Block_18	2	10	0	#858
Block_0		10	7	0	#859
Block_1		10	6	0	#860
Block_2		8	7	0	#861
Block_3		2	5	0	#862
Block_4		11	5	0	#863
Block_5		9	10	0	#864
Block_6		8	10	0	#865
Block_7		1	6	0	#866
Block_8		9	8	0	#867
Block_17	4	11	0	#868
Block_19	1	7	0	#869
Block_20	2	2	0	#870
Block_21	8	4	0	#871
Block_22	2	4	0	#872
Block_23	2	6	0	#873
Block_24	7	11	0	#874
Block_25	9	7	0	#875
Block_26	1	8	0	#876
Block_27	11	6	0	#877
Block_28	10	9	0	#878
Block_29	8	6	0	#879
Block_30	8	5	0	#880
Block_31	1	2	0	#881
Block_32	1	3	0	#882
Block_40	10	5	0	#883
Block_44	3	11	0	#884
Block_45	6	11	0	#885
Block_48	8	8	0	#886
Block_49	2	7	0	#887
Block_50	8	1	0	#888
Block_52	8	11	0	#889
Block_53	11	8	0	#890
Block_54	9	2	0	#891
Block_55	9	6	0	#892
Block_56	11	7	0	#893
Block_57	11	9	0	#894
Block_58	9	9	0	#895
Block_60	8	2	0	#896
Block_61	2	3	0	#897
Block_62	10	4	0	#898
DSP_Block_0	3	6	0	#899
stage: 17
clk		9	0	6	#900
Block_2		8	7	0	#901
Block_19	1	7	0	#902
Block_3		2	5	0	#903
Block_0		10	7	0	#904
Block_1		10	6	0	#905
Block_4		11	5	0	#906
Block_5		9	10	0	#907
Block_6		8	10	0	#908
Block_7		1	6	0	#909
Block_8		9	8	0	#910
Block_18	2	10	0	#911
Block_20	2	2	0	#912
Block_21	8	4	0	#913
Block_22	2	4	0	#914
Block_23	2	6	0	#915
Block_24	7	11	0	#916
Block_25	9	7	0	#917
Block_26	1	8	0	#918
Block_27	11	6	0	#919
Block_28	10	9	0	#920
Block_29	8	6	0	#921
Block_30	8	5	0	#922
Block_31	1	2	0	#923
Block_32	1	3	0	#924
Block_40	10	5	0	#925
Block_44	3	11	0	#926
Block_45	6	11	0	#927
Block_46	5	11	0	#928
Block_48	8	8	0	#929
Block_49	2	7	0	#930
Block_50	8	1	0	#931
Block_52	8	11	0	#932
Block_53	11	8	0	#933
Block_54	9	2	0	#934
Block_55	9	6	0	#935
Block_56	11	7	0	#936
Block_57	11	9	0	#937
Block_58	9	9	0	#938
Block_60	8	2	0	#939
Block_61	2	3	0	#940
Block_62	10	4	0	#941
DSP_Block_0	3	6	0	#942
stage: 18
clk		9	0	6	#943
Block_48	8	8	0	#944
Block_20	2	2	0	#945
Block_0		10	7	0	#946
Block_1		10	6	0	#947
Block_2		8	7	0	#948
Block_3		2	5	0	#949
Block_4		11	5	0	#950
Block_5		9	10	0	#951
Block_6		8	10	0	#952
Block_7		1	6	0	#953
Block_8		9	8	0	#954
Block_19	1	7	0	#955
Block_21	8	4	0	#956
Block_22	2	4	0	#957
Block_23	2	6	0	#958
Block_24	7	11	0	#959
Block_25	9	7	0	#960
Block_26	1	8	0	#961
Block_27	11	6	0	#962
Block_28	10	9	0	#963
Block_29	8	6	0	#964
Block_30	8	5	0	#965
Block_31	1	2	0	#966
Block_32	1	3	0	#967
Block_40	10	5	0	#968
Block_49	2	7	0	#969
Block_50	8	1	0	#970
Block_52	8	11	0	#971
Block_53	11	8	0	#972
Block_54	9	2	0	#973
Block_55	9	6	0	#974
Block_56	11	7	0	#975
Block_57	11	9	0	#976
Block_58	9	9	0	#977
Block_60	8	2	0	#978
Block_61	2	3	0	#979
Block_62	10	4	0	#980
DSP_Block_0	3	6	0	#981
stage: 19
clk		9	0	6	#982
Block_49	2	7	0	#983
Block_21	8	4	0	#984
Block_0		10	7	0	#985
Block_1		10	6	0	#986
Block_2		8	7	0	#987
Block_6		8	10	0	#988
Block_7		1	6	0	#989
Block_8		9	8	0	#990
Block_20	2	2	0	#991
Block_22	2	4	0	#992
Block_23	2	6	0	#993
Block_24	7	11	0	#994
Block_25	9	7	0	#995
Block_26	1	8	0	#996
Block_27	11	6	0	#997
Block_28	10	9	0	#998
Block_29	8	6	0	#999
Block_30	8	5	0	#1000
Block_31	1	2	0	#1001
Block_32	1	3	0	#1002
Block_40	10	5	0	#1003
Block_48	8	8	0	#1004
Block_50	8	1	0	#1005
Block_52	8	11	0	#1006
Block_53	11	8	0	#1007
Block_54	9	2	0	#1008
Block_55	9	6	0	#1009
Block_56	11	7	0	#1010
Block_57	11	9	0	#1011
Block_58	9	9	0	#1012
Block_60	8	2	0	#1013
Block_61	2	3	0	#1014
Block_62	10	4	0	#1015
DSP_Block_0	3	6	0	#1016
stage: 20
clk		9	0	6	#1017
Block_50	8	1	0	#1018
Block_22	2	4	0	#1019
Block_0		10	7	0	#1020
Block_1		10	6	0	#1021
Block_2		8	7	0	#1022
Block_6		8	10	0	#1023
Block_7		1	6	0	#1024
Block_8		9	8	0	#1025
Block_21	8	4	0	#1026
Block_23	2	6	0	#1027
Block_24	7	11	0	#1028
Block_25	9	7	0	#1029
Block_26	1	8	0	#1030
Block_27	11	6	0	#1031
Block_28	10	9	0	#1032
Block_29	8	6	0	#1033
Block_30	8	5	0	#1034
Block_31	1	2	0	#1035
Block_32	1	3	0	#1036
Block_40	10	5	0	#1037
Block_48	8	8	0	#1038
Block_49	2	7	0	#1039
Block_52	8	11	0	#1040
Block_53	11	8	0	#1041
Block_54	9	2	0	#1042
Block_55	9	6	0	#1043
Block_56	11	7	0	#1044
Block_57	11	9	0	#1045
Block_58	9	9	0	#1046
Block_60	8	2	0	#1047
Block_61	2	3	0	#1048
Block_62	10	4	0	#1049
DSP_Block_0	3	6	0	#1050
stage: 21
clk		9	0	6	#1051
Block_6		8	10	0	#1052
Block_23	2	6	0	#1053
Block_2		8	7	0	#1054
Block_0		10	7	0	#1055
Block_1		10	6	0	#1056
Block_7		1	6	0	#1057
Block_8		9	8	0	#1058
Block_22	2	4	0	#1059
Block_24	7	11	0	#1060
Block_25	9	7	0	#1061
Block_26	1	8	0	#1062
Block_27	11	6	0	#1063
Block_28	10	9	0	#1064
Block_29	8	6	0	#1065
Block_30	8	5	0	#1066
Block_31	1	2	0	#1067
Block_32	1	3	0	#1068
Block_40	10	5	0	#1069
Block_48	8	8	0	#1070
Block_49	2	7	0	#1071
Block_50	8	1	0	#1072
Block_52	8	11	0	#1073
Block_53	11	8	0	#1074
Block_54	9	2	0	#1075
Block_55	9	6	0	#1076
Block_56	11	7	0	#1077
Block_57	11	9	0	#1078
Block_58	9	9	0	#1079
Block_60	8	2	0	#1080
Block_61	2	3	0	#1081
Block_62	10	4	0	#1082
DSP_Block_0	3	6	0	#1083
stage: 22
clk		9	0	6	#1084
Block_52	8	11	0	#1085
Block_24	7	11	0	#1086
Block_0		10	7	0	#1087
Block_1		10	6	0	#1088
Block_2		8	7	0	#1089
Block_6		8	10	0	#1090
Block_7		1	6	0	#1091
Block_8		9	8	0	#1092
Block_23	2	6	0	#1093
Block_25	9	7	0	#1094
Block_26	1	8	0	#1095
Block_27	11	6	0	#1096
Block_28	10	9	0	#1097
Block_29	8	6	0	#1098
Block_30	8	5	0	#1099
Block_31	1	2	0	#1100
Block_32	1	3	0	#1101
Block_40	10	5	0	#1102
Block_53	11	8	0	#1103
Block_54	9	2	0	#1104
Block_55	9	6	0	#1105
Block_56	11	7	0	#1106
Block_57	11	9	0	#1107
Block_58	9	9	0	#1108
Block_60	8	2	0	#1109
Block_61	2	3	0	#1110
Block_62	10	4	0	#1111
DSP_Block_0	3	6	0	#1112
stage: 23
clk		9	0	6	#1113
Block_53	11	8	0	#1114
Block_25	9	7	0	#1115
Block_0		10	7	0	#1116
Block_1		10	6	0	#1117
Block_2		8	7	0	#1118
Block_6		8	10	0	#1119
Block_7		1	6	0	#1120
Block_8		9	8	0	#1121
Block_24	7	11	0	#1122
Block_26	1	8	0	#1123
Block_27	11	6	0	#1124
Block_28	10	9	0	#1125
Block_29	8	6	0	#1126
Block_30	8	5	0	#1127
Block_31	1	2	0	#1128
Block_32	1	3	0	#1129
Block_40	10	5	0	#1130
Block_52	8	11	0	#1131
Block_54	9	2	0	#1132
Block_55	9	6	0	#1133
Block_56	11	7	0	#1134
Block_57	11	9	0	#1135
Block_58	9	9	0	#1136
Block_60	8	2	0	#1137
Block_61	2	3	0	#1138
Block_62	10	4	0	#1139
DSP_Block_0	3	6	0	#1140
stage: 24
clk		9	0	6	#1141
Block_54	9	2	0	#1142
Block_55	9	6	0	#1143
Block_0		10	7	0	#1144
Block_1		10	6	0	#1145
Block_2		8	7	0	#1146
Block_6		8	10	0	#1147
Block_7		1	6	0	#1148
Block_8		9	8	0	#1149
Block_25	9	7	0	#1150
Block_26	1	8	0	#1151
Block_27	11	6	0	#1152
Block_28	10	9	0	#1153
Block_29	8	6	0	#1154
Block_30	8	5	0	#1155
Block_31	1	2	0	#1156
Block_32	1	3	0	#1157
Block_40	10	5	0	#1158
Block_52	8	11	0	#1159
Block_53	11	8	0	#1160
Block_56	11	7	0	#1161
Block_57	11	9	0	#1162
Block_58	9	9	0	#1163
Block_60	8	2	0	#1164
Block_61	2	3	0	#1165
Block_62	10	4	0	#1166
DSP_Block_0	3	6	0	#1167
stage: 25
clk		9	0	6	#1168
Block_8		9	8	0	#1169
Block_26	1	8	0	#1170
Block_6		8	10	0	#1171
Block_0		10	7	0	#1172
Block_1		10	6	0	#1173
Block_2		8	7	0	#1174
Block_7		1	6	0	#1175
Block_27	11	6	0	#1176
Block_28	10	9	0	#1177
Block_29	8	6	0	#1178
Block_30	8	5	0	#1179
Block_31	1	2	0	#1180
Block_32	1	3	0	#1181
Block_40	10	5	0	#1182
Block_52	8	11	0	#1183
Block_53	11	8	0	#1184
Block_54	9	2	0	#1185
Block_55	9	6	0	#1186
Block_56	11	7	0	#1187
Block_57	11	9	0	#1188
Block_58	9	9	0	#1189
Block_60	8	2	0	#1190
Block_61	2	3	0	#1191
Block_62	10	4	0	#1192
DSP_Block_0	3	6	0	#1193
stage: 26
clk		9	0	6	#1194
Block_56	11	7	0	#1195
Block_27	11	6	0	#1196
Block_0		10	7	0	#1197
Block_1		10	6	0	#1198
Block_2		8	7	0	#1199
Block_6		8	10	0	#1200
Block_7		1	6	0	#1201
Block_8		9	8	0	#1202
Block_26	1	8	0	#1203
Block_28	10	9	0	#1204
Block_29	8	6	0	#1205
Block_30	8	5	0	#1206
Block_31	1	2	0	#1207
Block_32	1	3	0	#1208
Block_40	10	5	0	#1209
Block_57	11	9	0	#1210
Block_58	9	9	0	#1211
Block_60	8	2	0	#1212
Block_61	2	3	0	#1213
Block_62	10	4	0	#1214
DSP_Block_0	3	6	0	#1215
stage: 27
clk		9	0	6	#1216
Block_57	11	9	0	#1217
Block_28	10	9	0	#1218
Block_0		10	7	0	#1219
Block_1		10	6	0	#1220
Block_2		8	7	0	#1221
Block_6		8	10	0	#1222
Block_7		1	6	0	#1223
Block_8		9	8	0	#1224
Block_27	11	6	0	#1225
Block_29	8	6	0	#1226
Block_30	8	5	0	#1227
Block_31	1	2	0	#1228
Block_32	1	3	0	#1229
Block_40	10	5	0	#1230
Block_56	11	7	0	#1231
Block_58	9	9	0	#1232
Block_60	8	2	0	#1233
Block_61	2	3	0	#1234
Block_62	10	4	0	#1235
DSP_Block_0	3	6	0	#1236
stage: 28
clk		9	0	6	#1237
Block_58	9	9	0	#1238
Block_29	8	6	0	#1239
Block_0		10	7	0	#1240
Block_1		10	6	0	#1241
Block_2		8	7	0	#1242
Block_6		8	10	0	#1243
Block_7		1	6	0	#1244
Block_8		9	8	0	#1245
Block_28	10	9	0	#1246
Block_30	8	5	0	#1247
Block_31	1	2	0	#1248
Block_32	1	3	0	#1249
Block_40	10	5	0	#1250
Block_56	11	7	0	#1251
Block_57	11	9	0	#1252
Block_60	8	2	0	#1253
Block_61	2	3	0	#1254
Block_62	10	4	0	#1255
DSP_Block_0	3	6	0	#1256
stage: 29
clk		9	0	6	#1257
Block_7		1	6	0	#1258
Block_30	8	5	0	#1259
Block_8		9	8	0	#1260
Block_0		10	7	0	#1261
Block_1		10	6	0	#1262
Block_2		8	7	0	#1263
Block_6		8	10	0	#1264
Block_29	8	6	0	#1265
Block_31	1	2	0	#1266
Block_32	1	3	0	#1267
Block_40	10	5	0	#1268
Block_56	11	7	0	#1269
Block_57	11	9	0	#1270
Block_58	9	9	0	#1271
Block_60	8	2	0	#1272
Block_61	2	3	0	#1273
Block_62	10	4	0	#1274
DSP_Block_0	3	6	0	#1275
stage: 30
clk		9	0	6	#1276
Block_60	8	2	0	#1277
Block_31	1	2	0	#1278
Block_0		10	7	0	#1279
Block_1		10	6	0	#1280
Block_2		8	7	0	#1281
Block_6		8	10	0	#1282
Block_7		1	6	0	#1283
Block_8		9	8	0	#1284
Block_30	8	5	0	#1285
Block_32	1	3	0	#1286
Block_40	10	5	0	#1287
Block_61	2	3	0	#1288
Block_62	10	4	0	#1289
DSP_Block_0	3	6	0	#1290
stage: 31
clk		9	0	6	#1291
Block_61	2	3	0	#1292
Block_32	1	3	0	#1293
Block_0		10	7	0	#1294
Block_1		10	6	0	#1295
Block_2		8	7	0	#1296
Block_6		8	10	0	#1297
Block_7		1	6	0	#1298
Block_8		9	8	0	#1299
Block_31	1	2	0	#1300
Block_40	10	5	0	#1301
Block_60	8	2	0	#1302
Block_62	10	4	0	#1303
DSP_Block_0	3	6	0	#1304
stage: 32
clk		9	0	6	#1305
Block_62	10	4	0	#1306
Block_40	10	5	0	#1307
Block_0		10	7	0	#1308
Block_1		10	6	0	#1309
Block_2		8	7	0	#1310
Block_6		8	10	0	#1311
Block_7		1	6	0	#1312
Block_8		9	8	0	#1313
Block_32	1	3	0	#1314
Block_60	8	2	0	#1315
Block_61	2	3	0	#1316
DSP_Block_0	3	6	0	#1317
stage: 33
rst		12	6	4	#1318
clk		9	0	6	#1319
Block_1		10	6	0	#1320
Block_7		1	6	0	#1321
Block_0		10	7	0	#1322
Block_2		8	7	0	#1323
Block_6		8	10	0	#1324
Block_8		9	8	0	#1325
Block_40	10	5	0	#1326
Block_60	8	2	0	#1327
Block_61	2	3	0	#1328
Block_62	10	4	0	#1329
DSP_Block_0	3	6	0	#1330
stage: 34
rst		12	6	4	#1331
clk		9	0	6	#1332
Block_1		10	6	0	#1333
Block_2		8	7	0	#1334
Block_0		10	7	0	#1335
Block_6		8	10	0	#1336
Block_7		1	6	0	#1337
Block_8		9	8	0	#1338
Block_40	10	5	0	#1339
DSP_Block_0	3	6	0	#1340
stage: 35
clk		9	0	6	#1341
Block_0		10	7	0	#1342
Block_1		10	6	0	#1343
Block_2		8	7	0	#1344
Block_40	10	5	0	#1345
DSP_Block_0	3	6	0	#1346
stage: 36
rst		12	6	4	#1347
clk		9	0	6	#1348
Block_1		10	6	0	#1349
Block_0		10	7	0	#1350
Block_3		2	5	0	#1351
Block_2		8	7	0	#1352
DSP_Block_0	3	6	0	#1353
stage: 37
x[0]		12	5	0	#1354
x[1]		12	5	1	#1355
x[2]		0	1	0	#1356
x[3]		7	12	2	#1357
x[4]		0	5	0	#1358
x[5]		0	3	1	#1359
x[6]		9	0	5	#1360
x[7]		7	12	1	#1361
x[8]		12	7	1	#1362
x[9]		8	12	0	#1363
x[10]		3	12	0	#1364
x[11]		8	0	4	#1365
x[12]		12	7	3	#1366
x[13]		0	6	1	#1367
x[14]		3	0	1	#1368
x[15]		5	12	1	#1369
x[16]		0	7	0	#1370
x[17]		5	0	2	#1371
x[18]		8	0	2	#1372
x[19]		9	0	2	#1373
x[20]		12	7	0	#1374
x[21]		0	9	0	#1375
x[22]		10	12	1	#1376
x[23]		12	8	0	#1377
x[24]		4	12	3	#1378
x[25]		12	6	1	#1379
x[26]		4	12	1	#1380
x[27]		0	6	2	#1381
x[28]		0	5	1	#1382
x[29]		4	12	4	#1383
x[30]		12	4	1	#1384
x[31]		12	5	3	#1385
y[0]		6	12	1	#1386
y[1]		9	12	0	#1387
y[2]		7	0	0	#1388
y[3]		10	0	0	#1389
y[4]		12	6	5	#1390
y[5]		10	0	1	#1391
y[6]		0	3	0	#1392
y[7]		10	12	0	#1393
y[8]		3	12	1	#1394
y[9]		7	12	0	#1395
y[10]		9	12	1	#1396
y[11]		7	0	1	#1397
y[12]		12	6	0	#1398
y[13]		12	8	1	#1399
y[14]		8	12	1	#1400
y[15]		6	12	3	#1401
y[16]		9	0	4	#1402
y[17]		8	12	2	#1403
y[18]		5	12	0	#1404
y[19]		8	0	5	#1405
y[20]		0	8	0	#1406
y[21]		12	10	1	#1407
y[22]		11	12	0	#1408
y[23]		0	2	1	#1409
y[24]		0	2	0	#1410
y[25]		12	7	2	#1411
y[26]		12	9	0	#1412
y[27]		8	12	3	#1413
y[28]		0	6	0	#1414
y[29]		2	0	1	#1415
y[30]		12	4	0	#1416
y[31]		5	0	1	#1417
clk		9	0	6	#1418
Block_1		10	6	0	#1419
Block_47	1	5	0	#1420
Block_51	2	1	0	#1421
Block_59	10	3	0	#1422
Block_63	11	4	0	#1423
Block_9		9	4	0	#1424
Block_33	8	3	0	#1425
Block_10	2	9	0	#1426
Block_11	8	9	0	#1427
Block_12	2	8	0	#1428
Block_13	1	4	0	#1429
Block_14	1	9	0	#1430
Block_15	9	5	0	#1431
Block_16	2	11	0	#1432
Block_17	4	11	0	#1433
Block_18	2	10	0	#1434
Block_19	1	7	0	#1435
Block_20	2	2	0	#1436
Block_21	8	4	0	#1437
Block_22	2	4	0	#1438
Block_23	2	6	0	#1439
Block_24	7	11	0	#1440
Block_25	9	7	0	#1441
Block_55	9	6	0	#1442
Block_26	1	8	0	#1443
Block_27	11	6	0	#1444
Block_28	10	9	0	#1445
Block_29	8	6	0	#1446
Block_30	8	5	0	#1447
Block_31	1	2	0	#1448
Block_32	1	3	0	#1449
Block_40	10	5	0	#1450
Block_0		10	7	0	#1451
Block_34	10	8	0	#1452
Block_35	9	1	0	#1453
Block_36	10	2	0	#1454
Block_4		11	5	0	#1455
Block_37	10	1	0	#1456
Block_38	9	3	0	#1457
Block_39	10	11	0	#1458
Block_5		9	10	0	#1459
Block_41	9	11	0	#1460
Block_42	10	10	0	#1461
Block_43	1	10	0	#1462
Block_3		2	5	0	#1463
Block_44	3	11	0	#1464
Block_45	6	11	0	#1465
Block_46	5	11	0	#1466
Block_2		8	7	0	#1467
Block_48	8	8	0	#1468
Block_49	2	7	0	#1469
Block_50	8	1	0	#1470
Block_6		8	10	0	#1471
Block_52	8	11	0	#1472
Block_53	11	8	0	#1473
Block_54	9	2	0	#1474
Block_8		9	8	0	#1475
Block_56	11	7	0	#1476
Block_57	11	9	0	#1477
Block_58	9	9	0	#1478
Block_7		1	6	0	#1479
Block_60	8	2	0	#1480
Block_61	2	3	0	#1481
Block_62	10	4	0	#1482
DSP_Block_0	3	6	0	#1483
stage: 38
PO[0]		9	0	0	#1484
PO[1]		12	5	2	#1485
PO[2]		12	2	0	#1486
PO[3]		9	0	1	#1487
PO[4]		12	6	3	#1488
PO[5]		12	6	2	#1489
PO[6]		8	0	0	#1490
PO[7]		6	12	0	#1491
PO[8]		11	12	1	#1492
PO[9]		12	6	7	#1493
PO[10]		2	0	0	#1494
PO[11]		2	12	0	#1495
PO[12]		12	9	1	#1496
PO[13]		4	12	2	#1497
PO[14]		4	12	0	#1498
PO[15]		0	9	1	#1499
PO[16]		5	0	3	#1500
PO[17]		3	0	0	#1501
PO[18]		8	0	1	#1502
PO[19]		0	6	5	#1503
PO[20]		0	6	4	#1504
PO[21]		7	0	2	#1505
PO[22]		9	0	3	#1506
PO[23]		6	12	2	#1507
PO[24]		4	0	0	#1508
PO[25]		8	0	3	#1509
PO[26]		12	10	0	#1510
PO[27]		0	6	3	#1511
PO[28]		12	6	6	#1512
PO[29]		5	0	0	#1513
PO[30]		12	3	0	#1514
PO[31]		0	5	2	#1515
clk		9	0	6	#1516
Block_1		10	6	0	#1517
Block_47	1	5	0	#1518
Block_51	2	1	0	#1519
Block_59	10	3	0	#1520
Block_63	11	4	0	#1521
Block_9		9	4	0	#1522
Block_33	8	3	0	#1523
Block_10	2	9	0	#1524
Block_11	8	9	0	#1525
Block_12	2	8	0	#1526
Block_13	1	4	0	#1527
Block_14	1	9	0	#1528
Block_15	9	5	0	#1529
Block_16	2	11	0	#1530
Block_17	4	11	0	#1531
Block_18	2	10	0	#1532
Block_19	1	7	0	#1533
Block_20	2	2	0	#1534
Block_21	8	4	0	#1535
Block_22	2	4	0	#1536
Block_23	2	6	0	#1537
Block_24	7	11	0	#1538
Block_25	9	7	0	#1539
Block_55	9	6	0	#1540
Block_26	1	8	0	#1541
Block_27	11	6	0	#1542
Block_28	10	9	0	#1543
Block_29	8	6	0	#1544
Block_30	8	5	0	#1545
Block_31	1	2	0	#1546
Block_32	1	3	0	#1547
Block_40	10	5	0	#1548
Block_0		10	7	0	#1549
Block_34	10	8	0	#1550
Block_35	9	1	0	#1551
Block_36	10	2	0	#1552
Block_4		11	5	0	#1553
Block_37	10	1	0	#1554
Block_38	9	3	0	#1555
Block_39	10	11	0	#1556
Block_5		9	10	0	#1557
Block_41	9	11	0	#1558
Block_42	10	10	0	#1559
Block_43	1	10	0	#1560
Block_3		2	5	0	#1561
Block_44	3	11	0	#1562
Block_45	6	11	0	#1563
Block_46	5	11	0	#1564
Block_2		8	7	0	#1565
Block_48	8	8	0	#1566
Block_49	2	7	0	#1567
Block_50	8	1	0	#1568
Block_6		8	10	0	#1569
Block_52	8	11	0	#1570
Block_53	11	8	0	#1571
Block_54	9	2	0	#1572
Block_8		9	8	0	#1573
Block_56	11	7	0	#1574
Block_57	11	9	0	#1575
Block_58	9	9	0	#1576
Block_7		1	6	0	#1577
Block_60	8	2	0	#1578
Block_61	2	3	0	#1579
Block_62	10	4	0	#1580
